<?xml version="1.0" encoding="UTF-8"?>
<!-- Generated by org.testng.reporters.JUnitReportReporter -->
<testsuite hostname="DESKTOP-Q0RMI1I" failures="0" tests="1" name="PracticeCURDperationsWithoutBDD.GetSingleProjectTest" time="1.304" errors="0" timestamp="20 Apr 2022 08:48:41 GMT">
  <testcase classname="PracticeCURDperationsWithoutBDD.GetSingleProjectTest" name="getSingleProjectTest" time="1.304"/>
</testsuite> <!-- PracticeCURDperationsWithoutBDD.GetSingleProjectTest -->
