<?xml version="1.0" encoding="UTF-8"?>
<!-- Generated by org.testng.reporters.JUnitReportReporter -->
<testsuite hostname="DESKTOP-Q0RMI1I" failures="0" tests="1" name="Parameters.PathParameter" time="1.450" errors="0" timestamp="21 Apr 2022 09:23:51 GMT">
  <testcase classname="Parameters.PathParameter" name="getSingleProject" time="1.450"/>
</testsuite> <!-- Parameters.PathParameter -->
