<?xml version="1.0" encoding="UTF-8"?>
<!-- Generated by org.testng.reporters.JUnitReportReporter -->
<testsuite hostname="DESKTOP-Q0RMI1I" failures="0" tests="1" name="RmgYantraTestWithFramework.CreateProjectAndVerifyInDataBase" time="1.846" errors="0" timestamp="2022-04-22T15:03:18 IST" skipped="0">
  <testcase classname="RmgYantraTestWithFramework.CreateProjectAndVerifyInDataBase" name="createProjectVerifyInDb" time="1.846"/>
  <system-out/>
</testsuite> <!-- RmgYantraTestWithFramework.CreateProjectAndVerifyInDataBase -->
