<?xml version="1.0" encoding="UTF-8"?>
<!-- Generated by org.testng.reporters.JUnitReportReporter -->
<testsuite hostname="DESKTOP-Q0RMI1I" failures="0" tests="1" name="Parameters.ParametersTestForGIt" time="2.811" errors="0" timestamp="21 Apr 2022 11:37:47 GMT">
  <testcase classname="Parameters.ParametersTestForGIt" name="parametersforGit" time="2.811"/>
</testsuite> <!-- Parameters.ParametersTestForGIt -->
