<?xml version="1.0" encoding="UTF-8"?>
<!-- Generated by org.testng.reporters.JUnitReportReporter -->
<testsuite hostname="DESKTOP-Q0RMI1I" failures="0" tests="2" name="Authentication.BasicAuth" time="1.660" errors="0" timestamp="22 Apr 2022 04:50:38 GMT">
  <testcase classname="Authentication.BasicAuth" name="basicPreEmptiveAuth" time="0.115"/>
  <testcase classname="Authentication.BasicAuth" name="basicAuth" time="1.545"/>
</testsuite> <!-- Authentication.BasicAuth -->
