<?xml version="1.0" encoding="UTF-8"?>
<!-- Generated by org.testng.reporters.JUnitReportReporter -->
<testsuite hostname="DESKTOP-Q0RMI1I" failures="0" tests="1" name="RequestChaining.CreateProjectAndGetProject" time="2.487" errors="0" timestamp="21 Apr 2022 17:33:17 GMT">
  <testcase classname="RequestChaining.CreateProjectAndGetProject" name="requestchaining" time="2.487"/>
</testsuite> <!-- RequestChaining.CreateProjectAndGetProject -->
