<?xml version="1.0" encoding="UTF-8"?>
<!-- Generated by org.testng.reporters.JUnitReportReporter -->
<testsuite hostname="DESKTOP-Q0RMI1I" failures="0" tests="1" name="CreateCURDperationsWithBDD.CreateProjectTest" time="1.730" errors="0" timestamp="20 Apr 2022 09:40:00 GMT">
  <testcase classname="CreateCURDperationsWithBDD.CreateProjectTest" name="createProjectTest" time="1.730"/>
</testsuite> <!-- CreateCURDperationsWithBDD.CreateProjectTest -->
