<?xml version="1.0" encoding="UTF-8"?>
<!-- Generated by org.testng.reporters.JUnitReportReporter -->
<testsuite hostname="DESKTOP-Q0RMI1I" failures="0" tests="3" name="DataDrivenTesting.CreateMultipleProjectWithDiffData" time="1.788" errors="0" timestamp="21 Apr 2022 07:45:43 GMT">
  <testcase classname="DataDrivenTesting.CreateMultipleProjectWithDiffData" name="createProject" time="0.039"/>
  <testcase classname="DataDrivenTesting.CreateMultipleProjectWithDiffData" name="createProject" time="1.718"/>
  <testcase classname="DataDrivenTesting.CreateMultipleProjectWithDiffData" name="createProject" time="0.031"/>
</testsuite> <!-- DataDrivenTesting.CreateMultipleProjectWithDiffData -->
