<?xml version="1.0" encoding="UTF-8"?>
<!-- Generated by org.testng.reporters.JUnitReportReporter -->
<testsuite hostname="DESKTOP-Q0RMI1I" failures="0" tests="1" name="PracticeCURDperationsWithoutBDD.GetAllProjectsTest" time="1.469" errors="0" timestamp="21 Apr 2022 07:55:05 GMT">
  <testcase classname="PracticeCURDperationsWithoutBDD.GetAllProjectsTest" name="getAllProjectsTest" time="1.469"/>
</testsuite> <!-- PracticeCURDperationsWithoutBDD.GetAllProjectsTest -->
