<?xml version="1.0" encoding="UTF-8"?>
<!-- Generated by org.testng.reporters.JUnitReportReporter -->
<testsuite hostname="DESKTOP-Q0RMI1I" failures="0" tests="1" name="ResponceValidation.StaticResponceValidationGet" time="1.656" errors="0" timestamp="21 Apr 2022 06:41:08 GMT">
  <testcase classname="ResponceValidation.StaticResponceValidationGet" name="staticResponceGet" time="1.656"/>
</testsuite> <!-- ResponceValidation.StaticResponceValidationGet -->
