<?xml version="1.0" encoding="UTF-8"?>
<!-- Generated by org.testng.reporters.JUnitReportReporter -->
<testsuite hostname="DESKTOP-Q0RMI1I" failures="0" tests="1" name="ResponceValidation.DynamicResponceValidation" time="1.871" errors="0" timestamp="21 Apr 2022 09:19:11 GMT">
  <testcase classname="ResponceValidation.DynamicResponceValidation" name="dynamicResponce" time="1.871"/>
</testsuite> <!-- ResponceValidation.DynamicResponceValidation -->
