<?xml version="1.0" encoding="UTF-8"?>
<!-- Generated by org.testng.reporters.JUnitReportReporter -->
<testsuite hostname="DESKTOP-Q0RMI1I" failures="0" tests="1" name="Authentication.BearerToken" time="3.707" errors="0" timestamp="21 Apr 2022 11:10:09 GMT">
  <testcase classname="Authentication.BearerToken" name="bearertoken" time="3.707"/>
</testsuite> <!-- Authentication.BearerToken -->
