<?xml version="1.0" encoding="UTF-8"?>
<!-- Generated by org.testng.reporters.JUnitReportReporter -->
<testsuite hostname="DESKTOP-Q0RMI1I" failures="0" tests="1" name="Authentication.Oauth2_0" time="2.497" errors="0" timestamp="21 Apr 2022 12:32:49 GMT">
  <testcase classname="Authentication.Oauth2_0" name="oauthAuthentication" time="2.497"/>
</testsuite> <!-- Authentication.Oauth2_0 -->
