<?xml version="1.0" encoding="UTF-8"?>
<!-- Generated by org.testng.reporters.JUnitReportReporter -->
<testsuite hostname="DESKTOP-Q0RMI1I" failures="0" tests="1" name="PracticeCURDperationsWithoutBDD.CreateProjectTest" time="1.957" errors="0" timestamp="20 Apr 2022 14:46:34 GMT">
  <testcase classname="PracticeCURDperationsWithoutBDD.CreateProjectTest" name="createProjectTest" time="1.957"/>
</testsuite> <!-- PracticeCURDperationsWithoutBDD.CreateProjectTest -->
