<?xml version="1.0" encoding="UTF-8"?>
<!-- Generated by org.testng.reporters.JUnitReportReporter -->
<testsuite hostname="DESKTOP-Q0RMI1I" failures="0" tests="1" name="Com.rmg.ProjectTest.SampleProject" time="1.589" errors="0" timestamp="20 Apr 2022 18:30:44 GMT">
  <testcase classname="Com.rmg.ProjectTest.SampleProject" name="getAllprojectTest" time="1.589"/>
</testsuite> <!-- Com.rmg.ProjectTest.SampleProject -->
