<?xml version="1.0" encoding="UTF-8"?>
<!-- Generated by org.testng.reporters.JUnitReportReporter -->
<testsuite hostname="DESKTOP-Q0RMI1I" failures="0" tests="1" name="Parameters.FormParameter" time="1.349" errors="0" timestamp="21 Apr 2022 17:36:17 GMT">
  <testcase classname="Parameters.FormParameter" name="createProjectUsingFormParameter" time="1.349"/>
</testsuite> <!-- Parameters.FormParameter -->
