<?xml version="1.0" encoding="UTF-8"?>
<!-- Generated by org.testng.reporters.JUnitReportReporter -->
<testsuite hostname="DESKTOP-Q0RMI1I" failures="0" tests="1" name="PracticeCURDperationsWithoutBDD.DeleteProjectTest" time="1.491" errors="0" timestamp="20 Apr 2022 09:09:04 GMT">
  <testcase classname="PracticeCURDperationsWithoutBDD.DeleteProjectTest" name="deleteProjectTest" time="1.491"/>
</testsuite> <!-- PracticeCURDperationsWithoutBDD.DeleteProjectTest -->
