<?xml version="1.0" encoding="UTF-8"?>
<!-- Generated by org.testng.reporters.JUnitReportReporter -->
<testsuite hostname="DESKTOP-Q0RMI1I" failures="0" tests="1" name="ResponceValidation.StaticResponceValidation" time="1.950" errors="0" timestamp="21 Apr 2022 06:25:55 GMT">
  <testcase classname="ResponceValidation.StaticResponceValidation" name="staticResponce" time="1.950"/>
</testsuite> <!-- ResponceValidation.StaticResponceValidation -->
