<?xml version="1.0" encoding="UTF-8"?>
<!-- Generated by org.testng.reporters.JUnitReportReporter -->
<testsuite hostname="DESKTOP-Q0RMI1I" failures="0" tests="1" name="Parameters.QueryParameter" time="1.672" errors="0" timestamp="21 Apr 2022 09:33:36 GMT">
  <testcase classname="Parameters.QueryParameter" name="queryParameter" time="1.672"/>
</testsuite> <!-- Parameters.QueryParameter -->
