<?xml version="1.0" encoding="UTF-8"?>
<!-- Generated by org.testng.reporters.JUnitReportReporter -->
<testsuite hostname="DESKTOP-Q0RMI1I" failures="0" tests="1" name="DifferentWaysToPOST.CreateProjectUsingJSONObject" time="1.726" errors="0" timestamp="20 Apr 2022 11:15:01 GMT">
  <testcase classname="DifferentWaysToPOST.CreateProjectUsingJSONObject" name="createProjectUsingJSONObject" time="1.726"/>
</testsuite> <!-- DifferentWaysToPOST.CreateProjectUsingJSONObject -->
